<?xml version="1.0" encoding="UTF-8"?>
<testng-results ignored="0" total="3" passed="3" failed="0" skipped="0">
  <reporter-output>
  </reporter-output>
  <suite started-at="2023-11-18T13:24:10 IST" name="TestSuite2" finished-at="2023-11-18T13:24:22 IST" duration-ms="11859">
    <groups>
    </groups>
    <test started-at="2023-11-18T13:24:10 IST" name="TestCycle1" finished-at="2023-11-18T13:24:15 IST" duration-ms="4740">
      <class name="com.app.TestNG.DataDrivenTesting.ParameterDemo">
        <test-method is-config="true" signature="openbrowser()[pri:0, instance:com.app.TestNG.DataDrivenTesting.ParameterDemo@3012646b]" started-at="2023-11-18T13:24:10 IST" name="openbrowser" finished-at="2023-11-18T13:24:13 IST" duration-ms="3392" status="PASS">
          <reporter-output>
          </reporter-output>
        </test-method> <!-- openbrowser -->
        <test-method signature="login(java.lang.String,java.lang.String)[pri:0, instance:com.app.TestNG.DataDrivenTesting.ParameterDemo@3012646b]" started-at="2023-11-18T13:24:13 IST" name="login" finished-at="2023-11-18T13:24:15 IST" duration-ms="1172" status="PASS">
          <params>
            <param index="0">
              <value>
                <![CDATA[admin]]>
              </value>
            </param>
            <param index="1">
              <value>
                <![CDATA[admin@1234]]>
              </value>
            </param>
          </params>
          <reporter-output>
          </reporter-output>
        </test-method> <!-- login -->
        <test-method is-config="true" signature="closeBrowser()[pri:0, instance:com.app.TestNG.DataDrivenTesting.ParameterDemo@3012646b]" started-at="2023-11-18T13:24:15 IST" name="closeBrowser" finished-at="2023-11-18T13:24:15 IST" duration-ms="146" status="PASS">
          <reporter-output>
          </reporter-output>
        </test-method> <!-- closeBrowser -->
      </class> <!-- com.app.TestNG.DataDrivenTesting.ParameterDemo -->
    </test> <!-- TestCycle1 -->
    <test started-at="2023-11-18T13:24:15 IST" name="TestCycle2" finished-at="2023-11-18T13:24:18 IST" duration-ms="3506">
      <class name="com.app.TestNG.DataDrivenTesting.ParameterDemo">
        <test-method is-config="true" signature="openbrowser()[pri:0, instance:com.app.TestNG.DataDrivenTesting.ParameterDemo@173ed316]" started-at="2023-11-18T13:24:15 IST" name="openbrowser" finished-at="2023-11-18T13:24:17 IST" duration-ms="2159" status="PASS">
          <reporter-output>
          </reporter-output>
        </test-method> <!-- openbrowser -->
        <test-method signature="login(java.lang.String,java.lang.String)[pri:0, instance:com.app.TestNG.DataDrivenTesting.ParameterDemo@173ed316]" started-at="2023-11-18T13:24:17 IST" name="login" finished-at="2023-11-18T13:24:18 IST" duration-ms="1186" status="PASS">
          <params>
            <param index="0">
              <value>
                <![CDATA[malay]]>
              </value>
            </param>
            <param index="1">
              <value>
                <![CDATA[admin@1234]]>
              </value>
            </param>
          </params>
          <reporter-output>
          </reporter-output>
        </test-method> <!-- login -->
        <test-method is-config="true" signature="closeBrowser()[pri:0, instance:com.app.TestNG.DataDrivenTesting.ParameterDemo@173ed316]" started-at="2023-11-18T13:24:18 IST" name="closeBrowser" finished-at="2023-11-18T13:24:18 IST" duration-ms="157" status="PASS">
          <reporter-output>
          </reporter-output>
        </test-method> <!-- closeBrowser -->
      </class> <!-- com.app.TestNG.DataDrivenTesting.ParameterDemo -->
    </test> <!-- TestCycle2 -->
    <test started-at="2023-11-18T13:24:18 IST" name="TestCycle3" finished-at="2023-11-18T13:24:22 IST" duration-ms="3542">
      <class name="com.app.TestNG.DataDrivenTesting.ParameterDemo">
        <test-method is-config="true" signature="openbrowser()[pri:0, instance:com.app.TestNG.DataDrivenTesting.ParameterDemo@27406a17]" started-at="2023-11-18T13:24:18 IST" name="openbrowser" finished-at="2023-11-18T13:24:21 IST" duration-ms="2206" status="PASS">
          <reporter-output>
          </reporter-output>
        </test-method> <!-- openbrowser -->
        <test-method signature="login(java.lang.String,java.lang.String)[pri:0, instance:com.app.TestNG.DataDrivenTesting.ParameterDemo@27406a17]" started-at="2023-11-18T13:24:21 IST" name="login" finished-at="2023-11-18T13:24:22 IST" duration-ms="1183" status="PASS">
          <params>
            <param index="0">
              <value>
                <![CDATA[Farhan]]>
              </value>
            </param>
            <param index="1">
              <value>
                <![CDATA[admin@1234]]>
              </value>
            </param>
          </params>
          <reporter-output>
          </reporter-output>
        </test-method> <!-- login -->
        <test-method is-config="true" signature="closeBrowser()[pri:0, instance:com.app.TestNG.DataDrivenTesting.ParameterDemo@27406a17]" started-at="2023-11-18T13:24:22 IST" name="closeBrowser" finished-at="2023-11-18T13:24:22 IST" duration-ms="148" status="PASS">
          <reporter-output>
          </reporter-output>
        </test-method> <!-- closeBrowser -->
      </class> <!-- com.app.TestNG.DataDrivenTesting.ParameterDemo -->
    </test> <!-- TestCycle3 -->
  </suite> <!-- TestSuite2 -->
</testng-results>
