<?xml version="1.0" encoding="UTF-8"?>
<testng-results ignored="0" total="2" passed="2" failed="0" skipped="0">
  <reporter-output>
  </reporter-output>
  <suite started-at="2023-11-20T12:06:26 IST" name="Default suite" finished-at="2023-11-20T12:06:27 IST" duration-ms="65">
    <groups>
    </groups>
    <test started-at="2023-11-20T12:06:26 IST" name="Default test" finished-at="2023-11-20T12:06:27 IST" duration-ms="65">
      <class name="com.app.TDD.demo.CalculatorTest">
        <test-method signature="testAdd()[pri:0, instance:com.app.TDD.demo.CalculatorTest@71238fc2]" started-at="2023-11-20T12:06:27 IST" name="testAdd" finished-at="2023-11-20T12:06:27 IST" duration-ms="10" status="PASS">
          <reporter-output>
          </reporter-output>
        </test-method> <!-- testAdd -->
        <test-method signature="testSub()[pri:0, instance:com.app.TDD.demo.CalculatorTest@71238fc2]" started-at="2023-11-20T12:06:27 IST" name="testSub" finished-at="2023-11-20T12:06:27 IST" duration-ms="1" status="PASS">
          <reporter-output>
          </reporter-output>
        </test-method> <!-- testSub -->
      </class> <!-- com.app.TDD.demo.CalculatorTest -->
    </test> <!-- Default test -->
  </suite> <!-- Default suite -->
</testng-results>
